
state 0
	$accept: .program $end 

	NUMBER  shift 3
	'('  shift 5
	'<'  shift 4
	'{'  shift 6
	'['  shift 7
	.  error

	program  goto 1
	expr  goto 2

state 1
	$accept:  program.$end 

	$end  accept
	.  error


state 2
	program:  expr.    (1)
	expr:  expr.'+' expr 
	expr:  expr.'-' expr 
	expr:  expr.'*' expr 
	expr:  expr.'/' expr 

	'+'  shift 8
	'-'  shift 9
	'*'  shift 10
	'/'  shift 11
	.  reduce 1 (src line 41)


state 3
	expr:  NUMBER.    (2)

	.  reduce 2 (src line 48)


state 4
	expr:  '<'.expr '>' 

	NUMBER  shift 3
	'('  shift 5
	'<'  shift 4
	'{'  shift 6
	'['  shift 7
	.  error

	expr  goto 12

state 5
	expr:  '('.expr ')' 

	NUMBER  shift 3
	'('  shift 5
	'<'  shift 4
	'{'  shift 6
	'['  shift 7
	.  error

	expr  goto 13

state 6
	expr:  '{'.expr '}' 

	NUMBER  shift 3
	'('  shift 5
	'<'  shift 4
	'{'  shift 6
	'['  shift 7
	.  error

	expr  goto 14

state 7
	expr:  '['.expr ']' 

	NUMBER  shift 3
	'('  shift 5
	'<'  shift 4
	'{'  shift 6
	'['  shift 7
	.  error

	expr  goto 15

state 8
	expr:  expr '+'.expr 

	NUMBER  shift 3
	'('  shift 5
	'<'  shift 4
	'{'  shift 6
	'['  shift 7
	.  error

	expr  goto 16

state 9
	expr:  expr '-'.expr 

	NUMBER  shift 3
	'('  shift 5
	'<'  shift 4
	'{'  shift 6
	'['  shift 7
	.  error

	expr  goto 17

state 10
	expr:  expr '*'.expr 

	NUMBER  shift 3
	'('  shift 5
	'<'  shift 4
	'{'  shift 6
	'['  shift 7
	.  error

	expr  goto 18

state 11
	expr:  expr '/'.expr 

	NUMBER  shift 3
	'('  shift 5
	'<'  shift 4
	'{'  shift 6
	'['  shift 7
	.  error

	expr  goto 19

state 12
	expr:  '<' expr.'>' 
	expr:  expr.'+' expr 
	expr:  expr.'-' expr 
	expr:  expr.'*' expr 
	expr:  expr.'/' expr 

	'+'  shift 8
	'-'  shift 9
	'*'  shift 10
	'/'  shift 11
	'>'  shift 20
	.  error


state 13
	expr:  '(' expr.')' 
	expr:  expr.'+' expr 
	expr:  expr.'-' expr 
	expr:  expr.'*' expr 
	expr:  expr.'/' expr 

	'+'  shift 8
	'-'  shift 9
	'*'  shift 10
	'/'  shift 11
	')'  shift 21
	.  error


state 14
	expr:  '{' expr.'}' 
	expr:  expr.'+' expr 
	expr:  expr.'-' expr 
	expr:  expr.'*' expr 
	expr:  expr.'/' expr 

	'+'  shift 8
	'-'  shift 9
	'*'  shift 10
	'/'  shift 11
	'}'  shift 22
	.  error


state 15
	expr:  '[' expr.']' 
	expr:  expr.'+' expr 
	expr:  expr.'-' expr 
	expr:  expr.'*' expr 
	expr:  expr.'/' expr 

	'+'  shift 8
	'-'  shift 9
	'*'  shift 10
	'/'  shift 11
	']'  shift 23
	.  error


state 16
	expr:  expr.'+' expr 
	expr:  expr '+' expr.    (7)
	expr:  expr.'-' expr 
	expr:  expr.'*' expr 
	expr:  expr.'/' expr 

	'*'  shift 10
	'/'  shift 11
	.  reduce 7 (src line 61)


state 17
	expr:  expr.'+' expr 
	expr:  expr.'-' expr 
	expr:  expr '-' expr.    (8)
	expr:  expr.'*' expr 
	expr:  expr.'/' expr 

	'*'  shift 10
	'/'  shift 11
	.  reduce 8 (src line 63)


state 18
	expr:  expr.'+' expr 
	expr:  expr.'-' expr 
	expr:  expr.'*' expr 
	expr:  expr '*' expr.    (9)
	expr:  expr.'/' expr 

	.  reduce 9 (src line 65)


state 19
	expr:  expr.'+' expr 
	expr:  expr.'-' expr 
	expr:  expr.'*' expr 
	expr:  expr.'/' expr 
	expr:  expr '/' expr.    (10)

	.  reduce 10 (src line 67)


state 20
	expr:  '<' expr '>'.    (3)

	.  reduce 3 (src line 53)


state 21
	expr:  '(' expr ')'.    (4)

	.  reduce 4 (src line 55)


state 22
	expr:  '{' expr '}'.    (5)

	.  reduce 5 (src line 57)


state 23
	expr:  '[' expr ']'.    (6)

	.  reduce 6 (src line 59)


17 terminals, 3 nonterminals
11 grammar rules, 24/8000 states
0 shift/reduce, 0 reduce/reduce conflicts reported
52 working sets used
memory: parser 9/120000
21 extra closures
73 shift entries, 1 exceptions
10 goto entries
0 entries saved by goto default
Optimizer space used: output 48/120000
48 table entries, 7 zero
maximum spread: 17, maximum offset: 11
